h:\downloads\d3d8-wrapper-master\d3d8-wrapper-master\build\obj\win32\debug\vc143.pdb
h:\downloads\d3d8-wrapper-master\d3d8-wrapper-master\build\obj\win32\debug\vc143.idb
h:\downloads\d3d8-wrapper-master\d3d8-wrapper-master\build\obj\win32\debug\dllmain.obj
h:\downloads\d3d8-wrapper-master\d3d8-wrapper-master\build\obj\win32\debug\interfacequery.obj
h:\downloads\d3d8-wrapper-master\d3d8-wrapper-master\build\obj\win32\debug\idirect3dvolumetexture8.obj
h:\downloads\d3d8-wrapper-master\d3d8-wrapper-master\build\obj\win32\debug\idirect3dvolume8.obj
h:\downloads\d3d8-wrapper-master\d3d8-wrapper-master\build\obj\win32\debug\idirect3dvertexbuffer8.obj
h:\downloads\d3d8-wrapper-master\d3d8-wrapper-master\build\obj\win32\debug\idirect3dtexture8.obj
h:\downloads\d3d8-wrapper-master\d3d8-wrapper-master\build\obj\win32\debug\idirect3dswapchain8.obj
h:\downloads\d3d8-wrapper-master\d3d8-wrapper-master\build\obj\win32\debug\idirect3dsurface8.obj
h:\downloads\d3d8-wrapper-master\d3d8-wrapper-master\build\obj\win32\debug\idirect3dindexbuffer8.obj
h:\downloads\d3d8-wrapper-master\d3d8-wrapper-master\build\obj\win32\debug\idirect3ddevice8.obj
h:\downloads\d3d8-wrapper-master\d3d8-wrapper-master\build\obj\win32\debug\idirect3dcubetexture8.obj
h:\downloads\d3d8-wrapper-master\d3d8-wrapper-master\build\obj\win32\debug\idirect3d8.obj
h:\downloads\d3d8-wrapper-master\d3d8-wrapper-master\data\d3d8.dll
h:\downloads\d3d8-wrapper-master\d3d8-wrapper-master\data\d3d8.pdb
h:\downloads\d3d8-wrapper-master\d3d8-wrapper-master\build\obj\win32\debug\versioninfo.res
h:\downloads\d3d8-wrapper-master\d3d8-wrapper-master\data\d3d8.lib
h:\downloads\d3d8-wrapper-master\d3d8-wrapper-master\data\d3d8.exp
h:\downloads\d3d8-wrapper-master\d3d8-wrapper-master\build\obj\win32\debug\d3d8.ilk
h:\downloads\d3d8-wrapper-master\d3d8-wrapper-master\build\obj\win32\debug\d3d8-wrapper.tlog\cl.command.1.tlog
h:\downloads\d3d8-wrapper-master\d3d8-wrapper-master\build\obj\win32\debug\d3d8-wrapper.tlog\cl.items.tlog
h:\downloads\d3d8-wrapper-master\d3d8-wrapper-master\build\obj\win32\debug\d3d8-wrapper.tlog\cl.read.1.tlog
h:\downloads\d3d8-wrapper-master\d3d8-wrapper-master\build\obj\win32\debug\d3d8-wrapper.tlog\cl.write.1.tlog
h:\downloads\d3d8-wrapper-master\d3d8-wrapper-master\build\obj\win32\debug\d3d8-wrapper.tlog\link.command.1.tlog
h:\downloads\d3d8-wrapper-master\d3d8-wrapper-master\build\obj\win32\debug\d3d8-wrapper.tlog\link.read.1.tlog
h:\downloads\d3d8-wrapper-master\d3d8-wrapper-master\build\obj\win32\debug\d3d8-wrapper.tlog\link.secondary.1.tlog
h:\downloads\d3d8-wrapper-master\d3d8-wrapper-master\build\obj\win32\debug\d3d8-wrapper.tlog\link.write.1.tlog
h:\downloads\d3d8-wrapper-master\d3d8-wrapper-master\build\obj\win32\debug\d3d8-wrapper.tlog\rc.command.1.tlog
h:\downloads\d3d8-wrapper-master\d3d8-wrapper-master\build\obj\win32\debug\d3d8-wrapper.tlog\rc.read.1.tlog
h:\downloads\d3d8-wrapper-master\d3d8-wrapper-master\build\obj\win32\debug\d3d8-wrapper.tlog\rc.write.1.tlog
